<<<<<<< HEAD
This is pdfTeX, Version 3.141592653-2.6-1.40.24 (MiKTeX 22.3) (preloaded format=pdflatex 2022.3.29)  29 MAR 2022 22:08
=======
This is pdfTeX, Version 3.141592653-2.6-1.40.23 (TeX Live 2021/W32TeX) (preloaded format=pdflatex 2022.3.7)  29 MAR 2022 15:15
>>>>>>> f505878829ed01da5ba7c79ec11a6de94c385aa9
entering extended mode
 restricted \write18 enabled.
 %&-line parsing enabled.
**./Thesis.tex
(Thesis.tex
LaTeX2e <2021-11-15> patch level 1
L3 programming layer <2022-02-24> (C:\Users\LucaStr\AppData\Local\Programs\MiKT
eX\tex/latex/base\article.cls
Document Class: article 2021/10/04 v1.4n Standard LaTeX document class
(C:\Users\LucaStr\AppData\Local\Programs\MiKTeX\tex/latex/base\size11.clo
File: size11.clo 2021/10/04 v1.4n Standard LaTeX file (size option)
)
\c@part=\count185
\c@section=\count186
\c@subsection=\count187
\c@subsubsection=\count188
\c@paragraph=\count189
\c@subparagraph=\count190
\c@figure=\count191
\c@table=\count192
\abovecaptionskip=\skip47
\belowcaptionskip=\skip48
\bibindent=\dimen138
) (C:\Users\LucaStr\AppData\Local\Programs\MiKTeX\tex/latex/lm\lmodern.sty
Package: lmodern 2009/10/30 v1.6 Latin Modern Fonts
LaTeX Font Info:    Overwriting symbol font `operators' in version `normal'
(Font)                  OT1/cmr/m/n --> OT1/lmr/m/n on input line 22.
LaTeX Font Info:    Overwriting symbol font `letters' in version `normal'
(Font)                  OML/cmm/m/it --> OML/lmm/m/it on input line 23.
LaTeX Font Info:    Overwriting symbol font `symbols' in version `normal'
(Font)                  OMS/cmsy/m/n --> OMS/lmsy/m/n on input line 24.
LaTeX Font Info:    Overwriting symbol font `largesymbols' in version `normal'
(Font)                  OMX/cmex/m/n --> OMX/lmex/m/n on input line 25.
LaTeX Font Info:    Overwriting symbol font `operators' in version `bold'
(Font)                  OT1/cmr/bx/n --> OT1/lmr/bx/n on input line 26.
LaTeX Font Info:    Overwriting symbol font `letters' in version `bold'
(Font)                  OML/cmm/b/it --> OML/lmm/b/it on input line 27.
LaTeX Font Info:    Overwriting symbol font `symbols' in version `bold'
(Font)                  OMS/cmsy/b/n --> OMS/lmsy/b/n on input line 28.
LaTeX Font Info:    Overwriting symbol font `largesymbols' in version `bold'
(Font)                  OMX/cmex/m/n --> OMX/lmex/m/n on input line 29.
LaTeX Font Info:    Overwriting math alphabet `\mathbf' in version `normal'
(Font)                  OT1/cmr/bx/n --> OT1/lmr/bx/n on input line 31.
LaTeX Font Info:    Overwriting math alphabet `\mathsf' in version `normal'
(Font)                  OT1/cmss/m/n --> OT1/lmss/m/n on input line 32.
LaTeX Font Info:    Overwriting math alphabet `\mathit' in version `normal'
(Font)                  OT1/cmr/m/it --> OT1/lmr/m/it on input line 33.
LaTeX Font Info:    Overwriting math alphabet `\mathtt' in version `normal'
(Font)                  OT1/cmtt/m/n --> OT1/lmtt/m/n on input line 34.
LaTeX Font Info:    Overwriting math alphabet `\mathbf' in version `bold'
(Font)                  OT1/cmr/bx/n --> OT1/lmr/bx/n on input line 35.
LaTeX Font Info:    Overwriting math alphabet `\mathsf' in version `bold'
(Font)                  OT1/cmss/bx/n --> OT1/lmss/bx/n on input line 36.
LaTeX Font Info:    Overwriting math alphabet `\mathit' in version `bold'
(Font)                  OT1/cmr/bx/it --> OT1/lmr/bx/it on input line 37.
LaTeX Font Info:    Overwriting math alphabet `\mathtt' in version `bold'
(Font)                  OT1/cmtt/m/n --> OT1/lmtt/m/n on input line 38.
) (C:\Users\LucaStr\AppData\Local\Programs\MiKTeX\tex/latex/tools\longtable.sty
Package: longtable 2021-09-01 v4.17 Multi-page Table package (DPC)
\LTleft=\skip49
\LTright=\skip50
\LTpre=\skip51
\LTpost=\skip52
\LTchunksize=\count193
\LTcapwidth=\dimen139
\LT@head=\box50
\LT@firsthead=\box51
\LT@foot=\box52
\LT@lastfoot=\box53
\LT@gbox=\box54
\LT@cols=\count194
\LT@rows=\count195
\c@LT@tables=\count196
\c@LT@chunks=\count197
\LT@p@ftn=\toks16
)
(C:\Users\LucaStr\AppData\Local\Programs\MiKTeX\tex/latex/booktabs\booktabs.sty
Package: booktabs 2020/01/12 v1.61803398 Publication quality tables
\heavyrulewidth=\dimen140
\lightrulewidth=\dimen141
\cmidrulewidth=\dimen142
\belowrulesep=\dimen143
\belowbottomsep=\dimen144
\aboverulesep=\dimen145
\abovetopsep=\dimen146
\cmidrulesep=\dimen147
\cmidrulekern=\dimen148
\defaultaddspace=\dimen149
\@cmidla=\count198
\@cmidlb=\count199
\@aboverulesep=\dimen150
\@belowrulesep=\dimen151
\@thisruleclass=\count266
\@lastruleclass=\count267
\@thisrulewidth=\dimen152
)
(C:\Users\LucaStr\AppData\Local\Programs\MiKTeX\tex/latex/setspace\setspace.sty
Package: setspace 2011/12/19 v6.7a set line spacing
) (C:\Users\LucaStr\AppData\Local\Programs\MiKTeX\tex/latex/amsmath\amsmath.sty
Package: amsmath 2021/10/15 v2.17l AMS math features
\@mathmargin=\skip53
For additional information on amsmath, use the `?' option.
(C:\Users\LucaStr\AppData\Local\Programs\MiKTeX\tex/latex/amsmath\amstext.sty
Package: amstext 2021/08/26 v2.01 AMS text
(C:\Users\LucaStr\AppData\Local\Programs\MiKTeX\tex/latex/amsmath\amsgen.sty
File: amsgen.sty 1999/11/30 v2.0 generic functions
\@emptytoks=\toks17
\ex@=\dimen153
)) (C:\Users\LucaStr\AppData\Local\Programs\MiKTeX\tex/latex/amsmath\amsbsy.sty
Package: amsbsy 1999/11/29 v1.2d Bold Symbols
\pmbraise@=\dimen154
) (C:\Users\LucaStr\AppData\Local\Programs\MiKTeX\tex/latex/amsmath\amsopn.sty
Package: amsopn 2021/08/26 v2.02 operator names
)
\inf@bad=\count268
LaTeX Info: Redefining \frac on input line 234.
\uproot@=\count269
\leftroot@=\count270
LaTeX Info: Redefining \overline on input line 399.
\classnum@=\count271
\DOTSCASE@=\count272
LaTeX Info: Redefining \ldots on input line 496.
LaTeX Info: Redefining \dots on input line 499.
LaTeX Info: Redefining \cdots on input line 620.
\Mathstrutbox@=\box55
\strutbox@=\box56
\big@size=\dimen155
LaTeX Font Info:    Redeclaring font encoding OML on input line 743.
LaTeX Font Info:    Redeclaring font encoding OMS on input line 744.
\macc@depth=\count273
\c@MaxMatrixCols=\count274
\dotsspace@=\muskip16
\c@parentequation=\count275
\dspbrk@lvl=\count276
\tag@help=\toks18
\row@=\count277
\column@=\count278
\maxfields@=\count279
\andhelp@=\toks19
\eqnshift@=\dimen156
\alignsep@=\dimen157
\tagshift@=\dimen158
\tagwidth@=\dimen159
\totwidth@=\dimen160
\lineht@=\dimen161
\@envbody=\toks20
\multlinegap=\skip54
\multlinetaggap=\skip55
\mathdisplay@stack=\toks21
LaTeX Info: Redefining \[ on input line 2938.
LaTeX Info: Redefining \] on input line 2939.
) (C:\Users\LucaStr\AppData\Local\Programs\MiKTeX\tex/generic/iftex\ifxetex.sty
Package: ifxetex 2019/10/25 v0.7 ifxetex legacy package. Use iftex instead.
(C:\Users\LucaStr\AppData\Local\Programs\MiKTeX\tex/generic/iftex\iftex.sty
Package: iftex 2022/02/03 v1.0f TeX engine tests
)) (C:\Users\LucaStr\AppData\Local\Programs\MiKTeX\tex/generic/iftex\ifluatex.s
ty
Package: ifluatex 2019/10/25 v1.5 ifluatex legacy package. Use iftex instead.
) (C:\Users\LucaStr\AppData\Local\Programs\MiKTeX\tex/latex/base\fontenc.sty
Package: fontenc 2021/04/29 v2.0v Standard LaTeX package
LaTeX Font Info:    Trying to load font information for T1+lmr on input line 11
2.
(C:\Users\LucaStr\AppData\Local\Programs\MiKTeX\tex/latex/lm\t1lmr.fd
File: t1lmr.fd 2009/10/30 v1.6 Font defs for Latin Modern
)) (C:\Users\LucaStr\AppData\Local\Programs\MiKTeX\tex/latex/base\inputenc.sty
Package: inputenc 2021/02/14 v1.3d Input encoding file
\inpenc@prehook=\toks22
\inpenc@posthook=\toks23
) (C:\Users\LucaStr\AppData\Local\Programs\MiKTeX\tex/latex/base\textcomp.sty
Package: textcomp 2020/02/02 v2.0n Standard LaTeX package
) (C:\Users\LucaStr\AppData\Local\Programs\MiKTeX\tex/latex/amsfonts\amssymb.st
y
Package: amssymb 2013/01/14 v3.01 AMS font symbols

(C:\Users\LucaStr\AppData\Local\Programs\MiKTeX\tex/latex/amsfonts\amsfonts.sty
Package: amsfonts 2013/01/14 v3.01 Basic AMSFonts support
\symAMSa=\mathgroup4
\symAMSb=\mathgroup5
LaTeX Font Info:    Redeclaring math symbol \hbar on input line 98.
LaTeX Font Info:    Overwriting math alphabet `\mathfrak' in version `bold'
(Font)                  U/euf/m/n --> U/euf/b/n on input line 106.
)) (C:\Users\LucaStr\AppData\Local\Programs\MiKTeX\tex/latex/upquote\upquote.st
y
Package: upquote 2012/04/19 v1.3 upright-quote and grave-accent glyphs in verba
tim
)
(C:\Users\LucaStr\AppData\Local\Programs\MiKTeX\tex/latex/microtype\microtype.s
ty
Package: microtype 2022/03/14 v3.0d Micro-typographical refinements (RS)
(C:\Users\LucaStr\AppData\Local\Programs\MiKTeX\tex/latex/graphics\keyval.sty
Package: keyval 2014/10/28 v1.15 key=value parser (DPC)
\KV@toks@=\toks24
)
(C:\Users\LucaStr\AppData\Local\Programs\MiKTeX\tex/latex/etoolbox\etoolbox.sty
Package: etoolbox 2020/10/05 v2.5k e-TeX tools for LaTeX (JAW)
\etb@tempcnta=\count280
)
\MT@toks=\toks25
\MT@tempbox=\box57
\MT@count=\count281
LaTeX Info: Redefining \noprotrusionifhmode on input line 1027.
LaTeX Info: Redefining \leftprotrusion on input line 1028.
LaTeX Info: Redefining \rightprotrusion on input line 1036.
LaTeX Info: Redefining \textls on input line 1195.
\MT@outer@kern=\dimen162
LaTeX Info: Redefining \textmicrotypecontext on input line 1781.
\MT@listname@count=\count282

(C:\Users\LucaStr\AppData\Local\Programs\MiKTeX\tex/latex/microtype\microtype-p
dftex.def
File: microtype-pdftex.def 2022/03/14 v3.0d Definitions specific to pdftex (RS)

LaTeX Info: Redefining \lsstyle on input line 900.
LaTeX Info: Redefining \lslig on input line 900.
\MT@outer@space=\skip56
)
Package microtype Info: Loading configuration file microtype.cfg.

(C:\Users\LucaStr\AppData\Local\Programs\MiKTeX\tex/latex/microtype\microtype.c
fg
File: microtype.cfg 2022/03/14 v3.0d microtype main configuration file (RS)
)) (C:\Users\LucaStr\AppData\Local\Programs\MiKTeX\tex/latex/parskip\parskip.st
y
Package: parskip 2021-03-14 v2.0h non-zero parskip adjustments

(C:\Users\LucaStr\AppData\Local\Programs\MiKTeX\tex/latex/kvoptions\kvoptions.s
ty
Package: kvoptions 2020-10-07 v3.14 Key value format for package options (HO)

(C:\Users\LucaStr\AppData\Local\Programs\MiKTeX\tex/generic/ltxcmds\ltxcmds.sty
Package: ltxcmds 2020-05-10 v1.25 LaTeX kernel commands for general use (HO)
)
(C:\Users\LucaStr\AppData\Local\Programs\MiKTeX\tex/generic/kvsetkeys\kvsetkeys
.sty
Package: kvsetkeys 2019/12/15 v1.18 Key value parser (HO)
))) (C:\Users\LucaStr\AppData\Local\Programs\MiKTeX\tex/latex/xcolor\xcolor.sty
Package: xcolor 2021/10/31 v2.13 LaTeX color extensions (UK)

(C:\Users\LucaStr\AppData\Local\Programs\MiKTeX\tex/latex/graphics-cfg\color.cf
g
File: color.cfg 2016/01/02 v1.6 sample color configuration
)
Package xcolor Info: Driver file: pdftex.def on input line 227.

(C:\Users\LucaStr\AppData\Local\Programs\MiKTeX\tex/latex/graphics-def\pdftex.d
ef
File: pdftex.def 2020/10/05 v1.2a Graphics/color driver for pdftex
)
Package xcolor Info: Model `cmy' substituted by `cmy0' on input line 1352.
Package xcolor Info: Model `hsb' substituted by `rgb' on input line 1356.
Package xcolor Info: Model `RGB' extended on input line 1368.
Package xcolor Info: Model `HTML' substituted by `rgb' on input line 1370.
Package xcolor Info: Model `Hsb' substituted by `hsb' on input line 1371.
Package xcolor Info: Model `tHsb' substituted by `hsb' on input line 1372.
Package xcolor Info: Model `HSB' substituted by `hsb' on input line 1373.
Package xcolor Info: Model `Gray' substituted by `gray' on input line 1374.
Package xcolor Info: Model `wave' substituted by `hsb' on input line 1375.
) (C:\Users\LucaStr\AppData\Local\Programs\MiKTeX\tex/latex/xurl\xurl.sty
Package: xurl 2022/01/09 v 0.10 modify URL breaks
(C:\Users\LucaStr\AppData\Local\Programs\MiKTeX\tex/latex/url\url.sty
\Urlmuskip=\muskip17
Package: url 2013/09/16  ver 3.4  Verb mode for urls, etc.
))
(C:\Users\LucaStr\AppData\Local\Programs\MiKTeX\tex/latex/bookmark\bookmark.sty
Package: bookmark 2020-11-06 v1.29 PDF bookmarks (HO)

(C:\Users\LucaStr\AppData\Local\Programs\MiKTeX\tex/latex/hyperref\hyperref.sty
Package: hyperref 2022-02-21 v7.00n Hypertext links for LaTeX

(C:\Users\LucaStr\AppData\Local\Programs\MiKTeX\tex/generic/pdftexcmds\pdftexcm
ds.sty
Package: pdftexcmds 2020-06-27 v0.33 Utility functions of pdfTeX for LuaTeX (HO
)

(C:\Users\LucaStr\AppData\Local\Programs\MiKTeX\tex/generic/infwarerr\infwarerr
.sty
Package: infwarerr 2019/12/03 v1.5 Providing info/warning/error messages (HO)
)
Package pdftexcmds Info: \pdf@primitive is available.
Package pdftexcmds Info: \pdf@ifprimitive is available.
Package pdftexcmds Info: \pdfdraftmode found.
)
(C:\Users\LucaStr\AppData\Local\Programs\MiKTeX\tex/generic/kvdefinekeys\kvdefi
nekeys.sty
Package: kvdefinekeys 2019-12-19 v1.6 Define keys (HO)
)
(C:\Users\LucaStr\AppData\Local\Programs\MiKTeX\tex/generic/pdfescape\pdfescape
.sty
Package: pdfescape 2019/12/09 v1.15 Implements pdfTeX's escape features (HO)
) (C:\Users\LucaStr\AppData\Local\Programs\MiKTeX\tex/latex/hycolor\hycolor.sty
Package: hycolor 2020-01-27 v1.10 Color options for hyperref/bookmark (HO)
)
(C:\Users\LucaStr\AppData\Local\Programs\MiKTeX\tex/latex/letltxmacro\letltxmac
ro.sty
Package: letltxmacro 2019/12/03 v1.6 Let assignment for LaTeX macros (HO)
) (C:\Users\LucaStr\AppData\Local\Programs\MiKTeX\tex/latex/auxhook\auxhook.sty
Package: auxhook 2019-12-17 v1.6 Hooks for auxiliary files (HO)
)
\@linkdim=\dimen163
\Hy@linkcounter=\count283
\Hy@pagecounter=\count284
(C:\Users\LucaStr\AppData\Local\Programs\MiKTeX\tex/latex/hyperref\pd1enc.def
File: pd1enc.def 2022-02-21 v7.00n Hyperref: PDFDocEncoding definition (HO)
Now handling font encoding PD1 ...
... no UTF-8 mapping file for font encoding PD1
)
(C:\Users\LucaStr\AppData\Local\Programs\MiKTeX\tex/generic/intcalc\intcalc.sty
Package: intcalc 2019/12/15 v1.3 Expandable calculations with integers (HO)
)
(C:\Users\LucaStr\AppData\Local\Programs\MiKTeX\tex/generic/etexcmds\etexcmds.s
ty
Package: etexcmds 2019/12/15 v1.7 Avoid name clashes with e-TeX commands (HO)
)
\Hy@SavedSpaceFactor=\count285
(C:\Users\LucaStr\AppData\Local\Programs\MiKTeX\tex/latex/hyperref\puenc.def
File: puenc.def 2022-02-21 v7.00n Hyperref: PDF Unicode definition (HO)
Now handling font encoding PU ...
... no UTF-8 mapping file for font encoding PU
)
Package hyperref Info: Option `unicode' set `true' on input line 4018.
Package hyperref Info: Hyper figures OFF on input line 4137.
Package hyperref Info: Link nesting OFF on input line 4142.
Package hyperref Info: Hyper index ON on input line 4145.
Package hyperref Info: Plain pages OFF on input line 4152.
Package hyperref Info: Backreferencing OFF on input line 4157.
Package hyperref Info: Implicit mode ON; LaTeX internals redefined.
Package hyperref Info: Bookmarks ON on input line 4390.
\c@Hy@tempcnt=\count286
LaTeX Info: Redefining \url on input line 4749.
\XeTeXLinkMargin=\dimen164
(C:\Users\LucaStr\AppData\Local\Programs\MiKTeX\tex/generic/bitset\bitset.sty
Package: bitset 2019/12/09 v1.3 Handle bit-vector datatype (HO)

(C:\Users\LucaStr\AppData\Local\Programs\MiKTeX\tex/generic/bigintcalc\bigintca
lc.sty
Package: bigintcalc 2019/12/15 v1.5 Expandable calculations on big integers (HO
)
))
\Fld@menulength=\count287
\Field@Width=\dimen165
\Fld@charsize=\dimen166
Package hyperref Info: Hyper figures OFF on input line 6027.
Package hyperref Info: Link nesting OFF on input line 6032.
Package hyperref Info: Hyper index ON on input line 6035.
Package hyperref Info: backreferencing OFF on input line 6042.
Package hyperref Info: Link coloring OFF on input line 6047.
Package hyperref Info: Link coloring with OCG OFF on input line 6052.
Package hyperref Info: PDF/A mode OFF on input line 6057.
LaTeX Info: Redefining \ref on input line 6097.
LaTeX Info: Redefining \pageref on input line 6101.

(C:\Users\LucaStr\AppData\Local\Programs\MiKTeX\tex/latex/base\atbegshi-ltx.sty
Package: atbegshi-ltx 2021/01/10 v1.0c Emulation of the original atbegshi
package with kernel methods
)
\Hy@abspage=\count288
\c@Item=\count289
\c@Hfootnote=\count290
)
Package hyperref Info: Driver (autodetected): hpdftex.
(C:\Users\LucaStr\AppData\Local\Programs\MiKTeX\tex/latex/hyperref\hpdftex.def
File: hpdftex.def 2022-02-21 v7.00n Hyperref driver for pdfTeX

(C:\Users\LucaStr\AppData\Local\Programs\MiKTeX\tex/latex/base\atveryend-ltx.st
y
Package: atveryend-ltx 2020/08/19 v1.0a Emulation of the original atveryend pac
kage
with kernel methods
)
\Fld@listcount=\count291
\c@bookmark@seq@number=\count292

(C:\Users\LucaStr\AppData\Local\Programs\MiKTeX\tex/latex/rerunfilecheck\rerunf
ilecheck.sty
Package: rerunfilecheck 2019/12/05 v1.9 Rerun checks for auxiliary files (HO)

(C:\Users\LucaStr\AppData\Local\Programs\MiKTeX\tex/generic/uniquecounter\uniqu
ecounter.sty
Package: uniquecounter 2019/12/15 v1.4 Provide unlimited unique counter (HO)
)
Package uniquecounter Info: New unique counter `rerunfilecheck' on input line 2
86.
)
\Hy@SectionHShift=\skip57
)
(C:\Users\LucaStr\AppData\Local\Programs\MiKTeX\tex/latex/bookmark\bkm-pdftex.d
ef
File: bkm-pdftex.def 2020-11-06 v1.29 bookmark driver for pdfTeX (HO)
\BKM@id=\count293
))
(C:\Users\LucaStr\AppData\Local\Programs\MiKTeX\tex/latex/geometry\geometry.sty
Package: geometry 2020/01/02 v5.9 Page Geometry
(C:\Users\LucaStr\AppData\Local\Programs\MiKTeX\tex/generic/iftex\ifvtex.sty
Package: ifvtex 2019/10/25 v1.7 ifvtex legacy package. Use iftex instead.
)
\Gm@cnth=\count294
\Gm@cntv=\count295
\c@Gm@tempcnt=\count296
\Gm@bindingoffset=\dimen167
\Gm@wd@mp=\dimen168
\Gm@odd@mp=\dimen169
\Gm@even@mp=\dimen170
\Gm@layoutwidth=\dimen171
\Gm@layoutheight=\dimen172
\Gm@layouthoffset=\dimen173
\Gm@layoutvoffset=\dimen174
\Gm@dimlist=\toks26

(C:\Users\LucaStr\AppData\Local\Programs\MiKTeX\tex/latex/geometry\geometry.cfg
)) (C:\Users\LucaStr\AppData\Local\Programs\MiKTeX\tex/latex/tools\calc.sty
Package: calc 2017/05/25 v4.3 Infix arithmetic (KKT,FJ)
\calc@Acount=\count297
\calc@Bcount=\count298
\calc@Adimen=\dimen175
\calc@Bdimen=\dimen176
\calc@Askip=\skip58
\calc@Bskip=\skip59
LaTeX Info: Redefining \setlength on input line 80.
LaTeX Info: Redefining \addtolength on input line 81.
\calc@Ccount=\count299
\calc@Cskip=\skip60
)
(C:\Users\LucaStr\AppData\Local\Programs\MiKTeX\tex/latex/footnotehyper\footnot
ehyper.sty
Package: footnotehyper 2021/08/13 v1.1e hyperref aware footnote.sty (JFB)
\FNH@notes=\box58
\FNH@width=\dimen177
\FNH@toks=\toks27
)
(C:\Users\LucaStr\AppData\Local\Programs\MiKTeX\tex/latex/graphics\graphicx.sty
Package: graphicx 2021/09/16 v1.2d Enhanced LaTeX Graphics (DPC,SPQR)

(C:\Users\LucaStr\AppData\Local\Programs\MiKTeX\tex/latex/graphics\graphics.sty
Package: graphics 2021/03/04 v1.4d Standard LaTeX Graphics (DPC,SPQR)
(C:\Users\LucaStr\AppData\Local\Programs\MiKTeX\tex/latex/graphics\trig.sty
Package: trig 2021/08/11 v1.11 sin cos tan (DPC)
)
(C:\Users\LucaStr\AppData\Local\Programs\MiKTeX\tex/latex/graphics-cfg\graphics
.cfg
File: graphics.cfg 2016/06/04 v1.11 sample graphics configuration
)
Package graphics Info: Driver file: pdftex.def on input line 107.
)
\Gin@req@height=\dimen178
\Gin@req@width=\dimen179
) (C:\Users\LucaStr\AppData\Local\Programs\MiKTeX\tex/latex/tools\dcolumn.sty
Package: dcolumn 2014/10/28 v1.06 decimal alignment package (DPC)
(C:\Users\LucaStr\AppData\Local\Programs\MiKTeX\tex/latex/tools\array.sty
Package: array 2021/10/04 v2.5f Tabular extension package (FMi)
\col@sep=\dimen180
\ar@mcellbox=\box59
\extrarowheight=\dimen181
\NC@list=\toks28
\extratabsurround=\skip61
\backup@length=\skip62
\ar@cellbox=\box60
))
(C:\Users\LucaStr\AppData\Local\Programs\MiKTeX\tex/latex/multirow\multirow.sty
Package: multirow 2021/03/15 v2.8 Span multiple rows of a table
\multirow@colwidth=\skip63
\multirow@cntb=\count300
\multirow@dima=\skip64
\bigstrutjot=\dimen182
) (C:\Users\LucaStr\AppData\Local\Programs\MiKTeX\tex/latex/wrapfig\wrapfig.sty
\wrapoverhang=\dimen183
\WF@size=\dimen184
\c@WF@wrappedlines=\count301
\WF@box=\box61
\WF@everypar=\toks29
Package: wrapfig 2003/01/31  v 3.6
) (C:\Users\LucaStr\AppData\Local\Programs\MiKTeX\tex/latex/float\float.sty
Package: float 2001/11/08 v1.3d Float enhancements (AL)
\c@float@type=\count302
\float@exts=\toks30
\float@box=\box62
\@float@everytoks=\toks31
\@floatcapt=\box63
)
(C:\Users\LucaStr\AppData\Local\Programs\MiKTeX\tex/latex/colortbl\colortbl.sty
Package: colortbl 2020/01/04 v1.0e Color table columns (DPC)
\everycr=\toks32
\minrowclearance=\skip65
)
(C:\Users\LucaStr\AppData\Local\Programs\MiKTeX\tex/latex/pdflscape\pdflscape.s
ty
Package: pdflscape 2019/12/05 v0.12 Display of landscape pages in PDF (HO)
(C:\Users\LucaStr\AppData\Local\Programs\MiKTeX\tex/latex/graphics\lscape.sty
Package: lscape 2020/05/28 v3.02 Landscape Pages (DPC)
)
Package pdflscape Info: Auto-detected driver: pdftex on input line 81.
) (C:\Users\LucaStr\AppData\Local\Programs\MiKTeX\tex/latex/tabu\tabu.sty
Package: tabu 2019/01/11 v2.9 - flexible LaTeX tabulars (FC+tabu-fixed)

(C:\Users\LucaStr\AppData\Local\Programs\MiKTeX\tex/latex/varwidth\varwidth.sty
Package: varwidth 2009/03/30 ver 0.92;  Variable-width minipages
\@vwid@box=\box64
\sift@deathcycles=\count303
\@vwid@loff=\dimen185
\@vwid@roff=\dimen186
)
\c@taburow=\count304
\tabu@nbcols=\count305
\tabu@cnt=\count306
\tabu@Xcol=\count307
\tabu@alloc=\count308
\tabu@nested=\count309
\tabu@target=\dimen187
\tabu@spreadtarget=\dimen188
\tabu@naturalX=\dimen189
\tabucolX=\dimen190
\tabu@Xsum=\dimen191
\extrarowdepth=\dimen192
\abovetabulinesep=\dimen193
\belowtabulinesep=\dimen194
\tabustrutrule=\dimen195
\tabu@thebody=\toks33
\tabu@footnotes=\toks34
\tabu@box=\box65
\tabu@arstrutbox=\box66
\tabu@hleads=\box67
\tabu@vleads=\box68
\tabu@cellskip=\skip66
)
(C:\Users\LucaStr\AppData\Local\Programs\MiKTeX\tex/latex/threeparttable\threep
arttable.sty
Package: threeparttable 2003/06/13  v 3.0
\@tempboxb=\box69
)
(C:\Users\LucaStr\AppData\Local\Programs\MiKTeX\tex/latex/threeparttablex\three
parttablex.sty
Package: threeparttablex 2013/07/23 v0.3 by daleif
(C:\Users\LucaStr\AppData\Local\Programs\MiKTeX\tex/latex/environ\environ.sty
Package: environ 2014/05/04 v0.3 A new way to define environments

(C:\Users\LucaStr\AppData\Local\Programs\MiKTeX\tex/latex/trimspaces\trimspaces
.sty
Package: trimspaces 2009/09/17 v1.1 Trim spaces around a token list
))
\TPTL@width=\skip67
) (C:\Users\LucaStr\AppData\Local\Programs\MiKTeX\tex/latex/ulem\ulem.sty
\UL@box=\box70
\UL@hyphenbox=\box71
\UL@skip=\skip68
\UL@hook=\toks35
\UL@height=\dimen196
\UL@pe=\count310
\UL@pixel=\dimen197
\ULC@box=\box72
Package: ulem 2019/11/18
\ULdepth=\dimen198
)
(C:\Users\LucaStr\AppData\Local\Programs\MiKTeX\tex/latex/makecell\makecell.sty
Package: makecell 2009/08/03 V0.1e Managing of Tab Column Heads and Cells
\rotheadsize=\dimen199
\c@nlinenum=\count311
\TeXr@lab=\toks36
) (C:\Users\LucaStr\AppData\Local\Programs\MiKTeX\tex/generic/babel\babel.sty
Package: babel 2022/02/26 3.73 The Babel package
\babel@savecnt=\count312
\U@D=\dimen256
\l@unhyphenated=\language79
(C:\Users\LucaStr\AppData\Local\Programs\MiKTeX\tex/generic/babel\txtbabel.def)
\bbl@readstream=\read2
\bbl@dirlevel=\count313
*************************************
* Local config file bblopts.cfg used
*
(C:\Users\LucaStr\AppData\Local\Programs\MiKTeX\tex/latex/arabi\bblopts.cfg
File: bblopts.cfg 2005/09/08 v0.1 add Arabic and Farsi to "declared" options of
 babel
)
(C:\Users\LucaStr\AppData\Local\Programs\MiKTeX\tex/latex/babel-german\ngerman.
ldf
Language: ngerman 2021/02/27 v2.13 German support for babel (post-1996 orthogra
phy)

(C:\Users\LucaStr\AppData\Local\Programs\MiKTeX\tex/latex/babel-german\ngermanb
.ldf
Language: ngermanb 2021/02/27 v2.13 German support for babel (post-1996 orthogr
aphy)
Package babel Info: Making " an active character on input line 122.
))
(C:\Users\LucaStr\AppData\Local\Programs\MiKTeX\tex/latex/babel-german\german.l
df
Language: german 2021/02/27 v2.13 German support for babel (pre-1996 orthograph
y)

(C:\Users\LucaStr\AppData\Local\Programs\MiKTeX\tex/latex/babel-german\germanb.
ldf
Language: germanb 2021/02/27 v2.13 German support for babel (pre-1996 orthograp
hy)
)))
\cslhangindent=\skip69
\csllabelwidth=\skip70
(C:\Users\LucaStr\AppData\Local\Programs\MiKTeX\tex/latex/caption\caption.sty
Package: caption 2022/02/28 v3.6a Customizing captions (AR)
(C:\Users\LucaStr\AppData\Local\Programs\MiKTeX\tex/latex/caption\caption3.sty
Package: caption3 2022/02/28 v2.3a caption3 kernel (AR)
\caption@tempdima=\dimen257
\captionmargin=\dimen258
\caption@leftmargin=\dimen259
\caption@rightmargin=\dimen260
\caption@width=\dimen261
\caption@indent=\dimen262
\caption@parindent=\dimen263
\caption@hangindent=\dimen264
Package caption Info: Standard document class detected.
)
\c@caption@flags=\count314
\c@continuedfloat=\count315
Package caption Info: float package is loaded.
Package caption Info: hyperref package is loaded.
Package caption Info: longtable package is loaded.

(C:\Users\LucaStr\AppData\Local\Programs\MiKTeX\tex/latex/caption\ltcaption.sty
Package: ltcaption 2021/01/08 v1.4c longtable captions (AR)
)
Package caption Info: threeparttable package is loaded.
Package caption Info: wrapfig package is loaded.
)
(C:\Users\LucaStr\AppData\Local\Programs\MiKTeX\tex/latex/l3backend\l3backend-p
dftex.def
File: l3backend-pdftex.def 2022-02-07 L3 backend support: PDF output (pdfTeX)
\l__color_backend_stack_int=\count316
\l__pdf_internal_box=\box73
) (Thesis.aux

LaTeX Warning: Label `' multiply defined.


LaTeX Warning: Label `' multiply defined.


LaTeX Warning: Label `' multiply defined.


LaTeX Warning: Label `' multiply defined.


LaTeX Warning: Label `' multiply defined.


LaTeX Warning: Label `' multiply defined.


LaTeX Warning: Label `' multiply defined.


LaTeX Warning: Label `' multiply defined.


LaTeX Warning: Label `' multiply defined.

)
\openout1 = `Thesis.aux'.

LaTeX Font Info:    Checking defaults for OML/cmm/m/it on input line 152.
LaTeX Font Info:    ... okay on input line 152.
LaTeX Font Info:    Checking defaults for OMS/cmsy/m/n on input line 152.
LaTeX Font Info:    ... okay on input line 152.
LaTeX Font Info:    Checking defaults for OT1/cmr/m/n on input line 152.
LaTeX Font Info:    ... okay on input line 152.
LaTeX Font Info:    Checking defaults for T1/cmr/m/n on input line 152.
LaTeX Font Info:    ... okay on input line 152.
LaTeX Font Info:    Checking defaults for TS1/cmr/m/n on input line 152.
LaTeX Font Info:    ... okay on input line 152.
LaTeX Font Info:    Checking defaults for OMX/cmex/m/n on input line 152.
LaTeX Font Info:    ... okay on input line 152.
LaTeX Font Info:    Checking defaults for U/cmr/m/n on input line 152.
LaTeX Font Info:    ... okay on input line 152.
LaTeX Font Info:    Checking defaults for PD1/pdf/m/n on input line 152.
LaTeX Font Info:    ... okay on input line 152.
LaTeX Font Info:    Checking defaults for PU/pdf/m/n on input line 152.
LaTeX Font Info:    ... okay on input line 152.
LaTeX Info: Redefining \microtypecontext on input line 152.
Package microtype Info: Applying patch `item' on input line 152.
Package microtype Info: Applying patch `toc' on input line 152.
Package microtype Info: Applying patch `eqnum' on input line 152.
Package microtype Info: Applying patch `footnote' on input line 152.
Package microtype Info: Generating PDF output.
Package microtype Info: Character protrusion enabled (level 2).
Package microtype Info: Using protrusion set `basicmath'.
Package microtype Info: Automatic font expansion enabled (level 2),
(microtype)             stretch: 20, shrink: 20, step: 1, non-selected.
Package microtype Info: Using default expansion set `alltext-nott'.
LaTeX Info: Redefining \showhyphens on input line 152.
Package microtype Info: No adjustment of tracking.
Package microtype Info: No adjustment of interword spacing.
Package microtype Info: No adjustment of character kerning.
(C:\Users\LucaStr\AppData\Local\Programs\MiKTeX\tex/latex/microtype\mt-cmr.cfg
File: mt-cmr.cfg 2013/05/19 v2.2 microtype config. file: Computer Modern Roman 
(RS)
)
(C:\Users\LucaStr\AppData\Local\Programs\MiKTeX\tex/context/base/mkii\supp-pdf.
mkii
[Loading MPS to PDF converter (version 2006.09.02).]
\scratchcounter=\count317
\scratchdimen=\dimen265
\scratchbox=\box74
\nofMPsegments=\count318
\nofMParguments=\count319
\everyMPshowfont=\toks37
\MPscratchCnt=\count320
\MPscratchDim=\dimen266
\MPnumerator=\count321
\makeMPintoPDFobject=\count322
\everyMPtoPDFconversion=\toks38
)
(C:\Users\LucaStr\AppData\Local\Programs\MiKTeX\tex/latex/epstopdf-pkg\epstopdf
-base.sty
Package: epstopdf-base 2020-01-24 v2.11 Base part for package epstopdf
Package epstopdf-base Info: Redefining graphics rule for `.eps' on input line 4
85.

(C:\Users\LucaStr\AppData\Local\Programs\MiKTeX\tex/latex/00miktex\epstopdf-sys
.cfg
File: epstopdf-sys.cfg 2021/03/18 v2.0 Configuration of epstopdf for MiKTeX
))
Package hyperref Info: Link coloring OFF on input line 152.
(C:\Users\LucaStr\AppData\Local\Programs\MiKTeX\tex/latex/hyperref\nameref.sty
Package: nameref 2021-04-02 v2.47 Cross-referencing by name of section

(C:\Users\LucaStr\AppData\Local\Programs\MiKTeX\tex/latex/refcount\refcount.sty
Package: refcount 2019/12/15 v3.6 Data extraction from label references (HO)
)
(C:\Users\LucaStr\AppData\Local\Programs\MiKTeX\tex/generic/gettitlestring\gett
itlestring.sty
Package: gettitlestring 2019/12/15 v1.6 Cleanup title references (HO)
)
\c@section@level=\count323
)
LaTeX Info: Redefining \ref on input line 152.
LaTeX Info: Redefining \pageref on input line 152.
LaTeX Info: Redefining \nameref on input line 152.
*geometry* driver: auto-detecting
*geometry* detected driver: pdftex
*geometry* verbose mode - [ preamble ] result:
* driver: pdftex
* paper: a4paper
* layout: <same size as paper>
* layoutoffset:(h,v)=(0.0pt,0.0pt)
* modes: 
* h-part:(L,W,R)=(56.9055pt, 398.3386pt, 142.26378pt)
* v-part:(T,H,B)=(85.35826pt, 674.33032pt, 85.35826pt)
* \paperwidth=597.50787pt
* \paperheight=845.04684pt
* \textwidth=398.3386pt
* \textheight=674.33032pt
* \oddsidemargin=-15.36449pt
* \evensidemargin=-15.36449pt
* \topmargin=-23.91173pt
* \headheight=12.0pt
* \headsep=25.0pt
* \topskip=11.0pt
* \footskip=30.0pt
* \marginparwidth=59.0pt
* \marginparsep=10.0pt
* \columnsep=10.0pt
* \skip\footins=10.0pt plus 4.0pt minus 2.0pt
* \hoffset=0.0pt
* \voffset=0.0pt
* \mag=1000
* \@twocolumnfalse
* \@twosidefalse
* \@mparswitchfalse
* \@reversemarginfalse
* (1in=72.27pt=25.4mm, 1cm=28.453pt)

Package caption Info: Begin \AtBeginDocument code.
Package caption Info: End \AtBeginDocument code.
*geometry* verbose mode - [ newgeometry ] result:
* driver: pdftex
* paper: a4paper
* layout: <same size as paper>
* layoutoffset:(h,v)=(0.0pt,0.0pt)
* modes: 
* h-part:(L,W,R)=(56.9055pt, 483.69687pt, 56.9055pt)
* v-part:(T,H,B)=(85.35826pt, 674.33032pt, 85.35826pt)
* \paperwidth=597.50787pt
* \paperheight=845.04684pt
* \textwidth=483.69687pt
* \textheight=674.33032pt
* \oddsidemargin=-15.36449pt
* \evensidemargin=-15.36449pt
* \topmargin=-23.91173pt
* \headheight=12.0pt
* \headsep=25.0pt
* \topskip=11.0pt
* \footskip=30.0pt
* \marginparwidth=59.0pt
* \marginparsep=10.0pt
* \columnsep=10.0pt
* \skip\footins=10.0pt plus 4.0pt minus 2.0pt
* \hoffset=0.0pt
* \voffset=0.0pt
* \mag=1000
* \@twocolumnfalse
* \@twosidefalse
* \@mparswitchfalse
* \@reversemarginfalse
* (1in=72.27pt=25.4mm, 1cm=28.453pt)

LaTeX Font Info:    Trying to load font information for T1+lmss on input line 1
58.
(C:\Users\LucaStr\AppData\Local\Programs\MiKTeX\tex/latex/lm\t1lmss.fd
File: t1lmss.fd 2009/10/30 v1.6 Font defs for Latin Modern
)
Package microtype Info: Loading generic protrusion settings for font family
(microtype)             `lmss' (encoding: T1).
(microtype)             For optimal results, create family-specific settings.
(microtype)             See the microtype manual for details.
LaTeX Font Info:    Trying to load font information for OT1+lmr on input line 1
97.
(C:\Users\LucaStr\AppData\Local\Programs\MiKTeX\tex/latex/lm\ot1lmr.fd
File: ot1lmr.fd 2009/10/30 v1.6 Font defs for Latin Modern
)
LaTeX Font Info:    Trying to load font information for OML+lmm on input line 1
97.
(C:\Users\LucaStr\AppData\Local\Programs\MiKTeX\tex/latex/lm\omllmm.fd
File: omllmm.fd 2009/10/30 v1.6 Font defs for Latin Modern
)
LaTeX Font Info:    Trying to load font information for OMS+lmsy on input line 
197.
(C:\Users\LucaStr\AppData\Local\Programs\MiKTeX\tex/latex/lm\omslmsy.fd
File: omslmsy.fd 2009/10/30 v1.6 Font defs for Latin Modern
)
LaTeX Font Info:    Trying to load font information for OMX+lmex on input line 
197.
(C:\Users\LucaStr\AppData\Local\Programs\MiKTeX\tex/latex/lm\omxlmex.fd
File: omxlmex.fd 2009/10/30 v1.6 Font defs for Latin Modern
)
LaTeX Font Info:    External font `lmex10' loaded for size
(Font)              <10.95> on input line 197.
LaTeX Font Info:    External font `lmex10' loaded for size
(Font)              <8> on input line 197.
LaTeX Font Info:    External font `lmex10' loaded for size
(Font)              <6> on input line 197.
LaTeX Font Info:    Trying to load font information for U+msa on input line 197
.
(C:\Users\LucaStr\AppData\Local\Programs\MiKTeX\tex/latex/amsfonts\umsa.fd
File: umsa.fd 2013/01/14 v3.01 AMS symbols A
) (C:\Users\LucaStr\AppData\Local\Programs\MiKTeX\tex/latex/microtype\mt-msa.cf
g
File: mt-msa.cfg 2006/02/04 v1.1 microtype config. file: AMS symbols (a) (RS)
)
LaTeX Font Info:    Trying to load font information for U+msb on input line 197
.
(C:\Users\LucaStr\AppData\Local\Programs\MiKTeX\tex/latex/amsfonts\umsb.fd
File: umsb.fd 2013/01/14 v3.01 AMS symbols B
) (C:\Users\LucaStr\AppData\Local\Programs\MiKTeX\tex/latex/microtype\mt-msb.cf
g
File: mt-msb.cfg 2005/06/01 v1.0 microtype config. file: AMS symbols (b) (RS)
) [1


{C:/Users/LucaStr/AppData/Local/MiKTeX/fonts/map/pdftex/pdftex.map}] (Thesis.to
c)
\tf@toc=\write3
\openout3 = `Thesis.toc'.

[1

] (Thesis.lot)
\tf@lot=\write4
\openout4 = `Thesis.lot'.

(Thesis.lof)
\tf@lof=\write5
\openout5 = `Thesis.lof'.

[2]
LaTeX Font Info:    External font `lmex10' loaded for size
(Font)              <9> on input line 247.
LaTeX Font Info:    External font `lmex10' loaded for size
(Font)              <5> on input line 247.

pdfTeX warning (ext4): destination with the same identifier (name{page.1}) has 
been already used, duplicate ignored
<to be read again> 
                   \relax 
<<<<<<< HEAD
l.282 
       [1] [2] [3] [4]
LaTeX Font Info:    Trying to load font information for TS1+lmr on input line 4
36.
(C:\Users\LucaStr\AppData\Local\Programs\MiKTeX\tex/latex/lm\ts1lmr.fd
File: ts1lmr.fd 2009/10/30 v1.6 Font defs for Latin Modern
) [5] [6] [7]
<Thesis_files/figure-latex/unnamed-chunk-13-1.pdf, id=204, 469.755pt x 325.215p
t>
File: Thesis_files/figure-latex/unnamed-chunk-13-1.pdf Graphic file (type pdf)
<use Thesis_files/figure-latex/unnamed-chunk-13-1.pdf>
Package pdftex.def Info: Thesis_files/figure-latex/unnamed-chunk-13-1.pdf  used
 on input line 558.
(pdftex.def)             Requested size: 398.34032pt x 275.77405pt.
<Thesis_files/figure-latex/unnamed-chunk-14-1.pdf, id=205, 469.755pt x 325.215p
t>
File: Thesis_files/figure-latex/unnamed-chunk-14-1.pdf Graphic file (type pdf)
<use Thesis_files/figure-latex/unnamed-chunk-14-1.pdf>
Package pdftex.def Info: Thesis_files/figure-latex/unnamed-chunk-14-1.pdf  used
 on input line 568.
(pdftex.def)             Requested size: 398.34032pt x 275.77405pt.
<Thesis_files/figure-latex/unnamed-chunk-15-1.pdf, id=206, 469.755pt x 325.215p
t>
File: Thesis_files/figure-latex/unnamed-chunk-15-1.pdf Graphic file (type pdf)
<use Thesis_files/figure-latex/unnamed-chunk-15-1.pdf>
Package pdftex.def Info: Thesis_files/figure-latex/unnamed-chunk-15-1.pdf  used
 on input line 581.
(pdftex.def)             Requested size: 398.34032pt x 275.77405pt.
[8 <./Thesis_files/figure-latex/unnamed-chunk-13-1.pdf>]
<Thesis_files/figure-latex/unnamed-chunk-19-1.pdf, id=221, 469.755pt x 325.215p
t>
File: Thesis_files/figure-latex/unnamed-chunk-19-1.pdf Graphic file (type pdf)
<use Thesis_files/figure-latex/unnamed-chunk-19-1.pdf>
Package pdftex.def Info: Thesis_files/figure-latex/unnamed-chunk-19-1.pdf  used
 on input line 594.
(pdftex.def)             Requested size: 398.34032pt x 275.77405pt.
[9 <./Thesis_files/figure-latex/unnamed-chunk-14-1.pdf>] [10 <./Thesis_files/fi
gure-latex/unnamed-chunk-15-1.pdf> <./Thesis_files/figure-latex/unnamed-chunk-1
9-1.pdf>]
<Thesis_files/figure-latex/unnamed-chunk-20-1.pdf, id=249, 469.755pt x 325.215p
t>
File: Thesis_files/figure-latex/unnamed-chunk-20-1.pdf Graphic file (type pdf)
<use Thesis_files/figure-latex/unnamed-chunk-20-1.pdf>
Package pdftex.def Info: Thesis_files/figure-latex/unnamed-chunk-20-1.pdf  used
 on input line 606.
(pdftex.def)             Requested size: 398.34032pt x 275.77405pt.
<Thesis_files/figure-latex/unnamed-chunk-21-1.pdf, id=250, 469.755pt x 325.215p
t>
File: Thesis_files/figure-latex/unnamed-chunk-21-1.pdf Graphic file (type pdf)
<use Thesis_files/figure-latex/unnamed-chunk-21-1.pdf>
Package pdftex.def Info: Thesis_files/figure-latex/unnamed-chunk-21-1.pdf  used
 on input line 621.
(pdftex.def)             Requested size: 398.34032pt x 275.77405pt.
<Thesis_files/figure-latex/unnamed-chunk-22-1.pdf, id=251, 469.755pt x 325.215p
t>
File: Thesis_files/figure-latex/unnamed-chunk-22-1.pdf Graphic file (type pdf)
<use Thesis_files/figure-latex/unnamed-chunk-22-1.pdf>
Package pdftex.def Info: Thesis_files/figure-latex/unnamed-chunk-22-1.pdf  used
 on input line 637.
(pdftex.def)             Requested size: 398.34032pt x 275.77405pt.
[11 <./Thesis_files/figure-latex/unnamed-chunk-20-1.pdf>] [12 <./Thesis_files/f
igure-latex/unnamed-chunk-21-1.pdf> <./Thesis_files/figure-latex/unnamed-chunk-
22-1.pdf>] [13] [14] [15]
<Thesis_files/figure-latex/unnamed-chunk-29-1.pdf, id=309, 469.755pt x 325.215p
t>
File: Thesis_files/figure-latex/unnamed-chunk-29-1.pdf Graphic file (type pdf)
<use Thesis_files/figure-latex/unnamed-chunk-29-1.pdf>
Package pdftex.def Info: Thesis_files/figure-latex/unnamed-chunk-29-1.pdf  used
 on input line 880.
(pdftex.def)             Requested size: 398.34032pt x 275.77405pt.
<Thesis_files/figure-latex/unnamed-chunk-30-1.pdf, id=310, 469.755pt x 325.215p
t>
File: Thesis_files/figure-latex/unnamed-chunk-30-1.pdf Graphic file (type pdf)
<use Thesis_files/figure-latex/unnamed-chunk-30-1.pdf>
Package pdftex.def Info: Thesis_files/figure-latex/unnamed-chunk-30-1.pdf  used
 on input line 895.
(pdftex.def)             Requested size: 398.34032pt x 275.77405pt.
[16 <./Thesis_files/figure-latex/unnamed-chunk-29-1.pdf>] [17 <./Thesis_files/f
igure-latex/unnamed-chunk-30-1.pdf>] [18] [19] [20] [21]
<Thesis_files/figure-latex/unnamed-chunk-38-1.pdf, id=359, 469.755pt x 325.215p
t>
File: Thesis_files/figure-latex/unnamed-chunk-38-1.pdf Graphic file (type pdf)
<use Thesis_files/figure-latex/unnamed-chunk-38-1.pdf>
Package pdftex.def Info: Thesis_files/figure-latex/unnamed-chunk-38-1.pdf  used
 on input line 1202.
(pdftex.def)             Requested size: 398.34032pt x 275.77405pt.

Overfull \hbox (35.29878pt too wide) in paragraph at lines 1208--1221
 [][] 
 []

[22] [23]
<Thesis_files/figure-latex/unnamed-chunk-40-1.pdf, id=371, 469.755pt x 325.215p
t>
File: Thesis_files/figure-latex/unnamed-chunk-40-1.pdf Graphic file (type pdf)
<use Thesis_files/figure-latex/unnamed-chunk-40-1.pdf>
Package pdftex.def Info: Thesis_files/figure-latex/unnamed-chunk-40-1.pdf  used
 on input line 1223.
=======
l.268 
       [1] [2] [3] [4] [5]
LaTeX Font Info:    Trying to load font information for TS1+lmr on input line 422.
(c:/Users/Bassie/AppData/Roaming/TinyTeX/texmf-dist/tex/latex/lm/ts1lmr.fd
File: ts1lmr.fd 2015/05/01 v1.6.1 Font defs for Latin Modern
)
Underfull \hbox (badness 1077) in paragraph at lines 456--464
\T1/lmr/m/n/10.95 die Geschäft-stätigkeit eingestellt haben. Dadurch kann der sur-vivor-ship bias
 []

[6]
<Thesis_files/figure-latex/unnamed-chunk-13-1.pdf, id=247, 469.755pt x 325.215pt>
File: Thesis_files/figure-latex/unnamed-chunk-13-1.pdf Graphic file (type pdf)
<use Thesis_files/figure-latex/unnamed-chunk-13-1.pdf>
Package pdftex.def Info: Thesis_files/figure-latex/unnamed-chunk-13-1.pdf  used on input line 487.
(pdftex.def)             Requested size: 398.34032pt x 275.77405pt.
[7]
<Thesis_files/figure-latex/unnamed-chunk-14-1.pdf, id=255, 469.755pt x 325.215pt>
File: Thesis_files/figure-latex/unnamed-chunk-14-1.pdf Graphic file (type pdf)
<use Thesis_files/figure-latex/unnamed-chunk-14-1.pdf>
Package pdftex.def Info: Thesis_files/figure-latex/unnamed-chunk-14-1.pdf  used on input line 489.
(pdftex.def)             Requested size: 398.34032pt x 275.77405pt.
[8 <./Thesis_files/figure-latex/unnamed-chunk-13-1.pdf> <./Thesis_files/figure-latex/unnamed-chunk-14-1.pdf>]
<Thesis_files/figure-latex/unnamed-chunk-21-1.pdf, id=276, 469.755pt x 325.215pt>
File: Thesis_files/figure-latex/unnamed-chunk-21-1.pdf Graphic file (type pdf)
<use Thesis_files/figure-latex/unnamed-chunk-21-1.pdf>
Package pdftex.def Info: Thesis_files/figure-latex/unnamed-chunk-21-1.pdf  used on input line 542.
(pdftex.def)             Requested size: 398.34032pt x 275.77405pt.
[9]
<Thesis_files/figure-latex/unnamed-chunk-28-1.pdf, id=282, 469.755pt x 325.215pt>
File: Thesis_files/figure-latex/unnamed-chunk-28-1.pdf Graphic file (type pdf)
<use Thesis_files/figure-latex/unnamed-chunk-28-1.pdf>
Package pdftex.def Info: Thesis_files/figure-latex/unnamed-chunk-28-1.pdf  used on input line 544.
(pdftex.def)             Requested size: 398.34032pt x 275.77405pt.
<Thesis_files/figure-latex/unnamed-chunk-29-1.pdf, id=283, 469.755pt x 325.215pt>
File: Thesis_files/figure-latex/unnamed-chunk-29-1.pdf Graphic file (type pdf)
<use Thesis_files/figure-latex/unnamed-chunk-29-1.pdf>
Package pdftex.def Info: Thesis_files/figure-latex/unnamed-chunk-29-1.pdf  used on input line 546.
(pdftex.def)             Requested size: 398.34032pt x 275.77405pt.
<Thesis_files/figure-latex/unnamed-chunk-30-1.pdf, id=284, 469.755pt x 325.215pt>
File: Thesis_files/figure-latex/unnamed-chunk-30-1.pdf Graphic file (type pdf)
<use Thesis_files/figure-latex/unnamed-chunk-30-1.pdf>
Package pdftex.def Info: Thesis_files/figure-latex/unnamed-chunk-30-1.pdf  used on input line 547.
(pdftex.def)             Requested size: 398.34032pt x 275.77405pt.
<Thesis_files/figure-latex/unnamed-chunk-31-1.pdf, id=285, 469.755pt x 325.215pt>
File: Thesis_files/figure-latex/unnamed-chunk-31-1.pdf Graphic file (type pdf)
<use Thesis_files/figure-latex/unnamed-chunk-31-1.pdf>
Package pdftex.def Info: Thesis_files/figure-latex/unnamed-chunk-31-1.pdf  used on input line 548.
(pdftex.def)             Requested size: 398.34032pt x 275.77405pt.
<Thesis_files/figure-latex/unnamed-chunk-32-1.pdf, id=286, 469.755pt x 325.215pt>
File: Thesis_files/figure-latex/unnamed-chunk-32-1.pdf Graphic file (type pdf)
<use Thesis_files/figure-latex/unnamed-chunk-32-1.pdf>
Package pdftex.def Info: Thesis_files/figure-latex/unnamed-chunk-32-1.pdf  used on input line 549.
(pdftex.def)             Requested size: 398.34032pt x 275.77405pt.
[10 <./Thesis_files/figure-latex/unnamed-chunk-21-1.pdf> <./Thesis_files/figure-latex/unnamed-chunk-28-1.pdf>] [11 <./Thesis_files/figure-latex/unnamed-chunk-29-1.pdf> <./Thesis_files/figure-latex/unnamed-chunk-30-1.pdf>]
<Thesis_files/figure-latex/unnamed-chunk-33-1.pdf, id=326, 469.755pt x 325.215pt>
File: Thesis_files/figure-latex/unnamed-chunk-33-1.pdf Graphic file (type pdf)
<use Thesis_files/figure-latex/unnamed-chunk-33-1.pdf>
Package pdftex.def Info: Thesis_files/figure-latex/unnamed-chunk-33-1.pdf  used on input line 551.
(pdftex.def)             Requested size: 398.34032pt x 275.77405pt.
[12 <./Thesis_files/figure-latex/unnamed-chunk-31-1.pdf> <./Thesis_files/figure-latex/unnamed-chunk-32-1.pdf>] [13 <./Thesis_files/figure-latex/unnamed-chunk-33-1.pdf>] [14] [15] [16] [17] [18]
<Thesis_files/figure-latex/unnamed-chunk-41-1.pdf, id=395, 469.755pt x 325.215pt>
File: Thesis_files/figure-latex/unnamed-chunk-41-1.pdf Graphic file (type pdf)
<use Thesis_files/figure-latex/unnamed-chunk-41-1.pdf>
Package pdftex.def Info: Thesis_files/figure-latex/unnamed-chunk-41-1.pdf  used on input line 852.
>>>>>>> f505878829ed01da5ba7c79ec11a6de94c385aa9
(pdftex.def)             Requested size: 398.34032pt x 275.77405pt.
[24 <./Thesis_files/figure-latex/unnamed-chunk-38-1.pdf>] [25 <./Thesis_files/f
igure-latex/unnamed-chunk-40-1.pdf>] [26] [27] [28] [29]
Underfull \hbox (badness 1939) in paragraph at lines 1373--1378
[]\T1/lmr/m/n/10.95 (+20) Agarwal, V., Da-niel, N. D., & Naik, N. Y. (2004). Fl
ows, Per-for-man-ce,
 []


<<<<<<< HEAD
Underfull \hbox (badness 2865) in paragraph at lines 1373--1378
\T1/lmr/m/n/10.95 (+20) and Ma-na-ge-ri-al In-cen-ti-ves in Hed-ge Funds. \T1/l
mr/m/it/10.95 (+20) SSRN Elec-tro-nic Jour-nal\T1/lmr/m/n/10.95 (+20) .
 []


Overfull \hbox (40.56662pt too wide) in paragraph at lines 1390--1394
\T1/lmr/m/it/10.95 (-20) Jour-nal of As-set Ma-na-ge-ment\T1/lmr/m/n/10.95 (-20
) , \T1/lmr/m/it/10.95 (-20) 6\T1/lmr/m/n/10.95 (-20) (3), 219--238. http://doi
.org/[]10.1057/palgrave.jam.2240177[] 
 []

[30] [31]
Underfull \hbox (badness 2564) in paragraph at lines 1507--1512
\T1/lmr/m/n/10.95 (+20) Per-si-stence, Sty-le, and Fund Cha-rac-te-ri-stics. \T
1/lmr/m/it/10.95 (+20) SSRN Elec-tro-nic Jour-nal\T1/lmr/m/n/10.95 (+20) .
 []


Underfull \hbox (badness 2582) in paragraph at lines 1529--1535
\T1/lmr/m/n/10.95 (+20) ge funds' per-for-man-ce at-tri-bu-ti-on: Per-for-man-c
e per-si-stence and fun-da-
 []


Underfull \hbox (badness 2809) in paragraph at lines 1529--1535
\T1/lmr/m/n/10.95 (+20) men-tal fac-tors. \T1/lmr/m/it/10.95 (+20) In-ter-na-ti
o-nal Re-view of Fi-nan-ci-al Ana-ly-sis\T1/lmr/m/n/10.95 (+20) , \T1/lmr/m/it/
10.95 (+20) 43\T1/lmr/m/n/10.95 (+20) , 48--61.
 []

[32] [33] (Thesis.aux)

LaTeX Warning: There were multiply-defined labels.

 ) 
Here is how much of TeX's memory you used:
 18027 strings out of 478582
 301679 string characters out of 2843400
 640366 words of memory out of 3000000
 35531 multiletter control sequences out of 15000+600000
 537243 words of font info for 151 fonts, out of 8000000 for 9000
 1141 hyphenation exceptions out of 8191
 74i,11n,77p,1005b,449s stack positions out of 10000i,1000n,20000p,200000b,80000s
{C:/Users/LucaStr/AppData/Local/Programs/MiKTeX/fonts/enc/dvips/lm/lm-mathsy.
enc}{C:/Users/LucaStr/AppData/Local/Programs/MiKTeX/fonts/enc/dvips/lm/lm-ec.en
c}{C:/Users/LucaStr/AppData/Local/Programs/MiKTeX/fonts/enc/dvips/lm/lm-mathit.
enc}{C:/Users/LucaStr/AppData/Local/Programs/MiKTeX/fonts/enc/dvips/lm/lm-rm.en
c}{C:/Users/LucaStr/AppData/Local/Programs/MiKTeX/fonts/enc/dvips/lm/lm-ts1.enc
}<C:/Users/LucaStr/AppData/Local/Programs/MiKTeX/fonts/type1/public/lm/lmbx10.p
fb><C:/Users/LucaStr/AppData/Local/Programs/MiKTeX/fonts/type1/public/lm/lmbx12
.pfb><C:/Users/LucaStr/AppData/Local/Programs/MiKTeX/fonts/type1/public/lm/lmmi
10.pfb><C:/Users/LucaStr/AppData/Local/Programs/MiKTeX/fonts/type1/public/lm/lm
mi8.pfb><C:/Users/LucaStr/AppData/Local/Programs/MiKTeX/fonts/type1/public/lm/l
mr10.pfb><C:/Users/LucaStr/AppData/Local/Programs/MiKTeX/fonts/type1/public/lm/
lmr6.pfb><C:/Users/LucaStr/AppData/Local/Programs/MiKTeX/fonts/type1/public/lm/
lmr8.pfb><C:/Users/LucaStr/AppData/Local/Programs/MiKTeX/fonts/type1/public/lm/
lmr9.pfb><C:/Users/LucaStr/AppData/Local/Programs/MiKTeX/fonts/type1/public/lm/
lmri10.pfb><C:/Users/LucaStr/AppData/Local/Programs/MiKTeX/fonts/type1/public/l
m/lmss10.pfb><C:/Users/LucaStr/AppData/Local/Programs/MiKTeX/fonts/type1/public
/lm/lmss12.pfb><C:/Users/LucaStr/AppData/Local/Programs/MiKTeX/fonts/type1/publ
ic/lm/lmsy10.pfb><C:/Users/LucaStr/AppData/Local/Programs/MiKTeX/fonts/type1/pu
blic/lm/lmsy8.pfb>
Output written on Thesis.pdf (36 pages, 716886 bytes).
PDF statistics:
 674 PDF objects out of 1000 (max. 8388607)
 169 named destinations out of 1000 (max. 500000)
 39144 words of extra memory for PDF output out of 42996 (max. 10000000)
=======
Overfull \hbox (3.32547pt too wide) in paragraph at lines 880--881
[]\T1/lmr/m/n/10.95 Quantile_Class  
 []

<Thesis_files/figure-latex/unnamed-chunk-43-1.pdf, id=396, 469.755pt x 325.215pt>
File: Thesis_files/figure-latex/unnamed-chunk-43-1.pdf Graphic file (type pdf)
<use Thesis_files/figure-latex/unnamed-chunk-43-1.pdf>
Package pdftex.def Info: Thesis_files/figure-latex/unnamed-chunk-43-1.pdf  used on input line 899.
(pdftex.def)             Requested size: 398.34032pt x 275.77405pt.
[19 <./Thesis_files/figure-latex/unnamed-chunk-41-1.pdf>] [20] [21 <./Thesis_files/figure-latex/unnamed-chunk-43-1.pdf>] [22] [23] [24] [25] [26] [27]
Underfull \hbox (badness 2418) in paragraph at lines 1210--1215
[]\T1/lmr/m/n/10.95 Agarwal, V., Daniel, N. D., & Naik, N. Y. (2004). Flows, Per-for-mance,
 []


Underfull \hbox (badness 3724) in paragraph at lines 1210--1215
\T1/lmr/m/n/10.95 and Man-age-ri-al In-cen-tives in Hedge Funds. \T1/lmr/m/it/10.95 SS-RN Elec-tron-ic Jour-nal\T1/lmr/m/n/10.95 .
 []


Overfull \hbox (50.21465pt too wide) in paragraph at lines 1227--1231
\T1/lmr/m/it/10.95 Jour-nal of As-set Man-age-ment\T1/lmr/m/n/10.95 , \T1/lmr/m/it/10.95 6\T1/lmr/m/n/10.95 (3), 219--238. http://doi.org/[]10.1057/palgrave.jam.2240177[] 
 []


Underfull \hbox (badness 2088) in paragraph at lines 1232--1236
[]\T1/lmr/m/n/10.95 Backstop So-lu-tions Group LLC. (2021). Hedge Fund In-dus-try: As-sets un-
 []


Underfull \hbox (badness 2837) in paragraph at lines 1232--1236
\T1/lmr/m/n/10.95 der Man-age-ment - His-tor-i-cal Growth of As-sets. Abgerufen von []$https :
 []


Underfull \hbox (badness 10000) in paragraph at lines 1232--1236
\T1/lmr/m/n/10.95 / / www . barclayhedge . com / solutions / assets -[] under -[] management / hedge -[] fund -[]
 []

[28] [29]
Overfull \hbox (1.66899pt too wide) in paragraph at lines 1284--1288
\T1/lmr/m/it/10.95 Fi-nan-cial An-a-lysts Jour-nal\T1/lmr/m/n/10.95 , \T1/lmr/m/it/10.95 60\T1/lmr/m/n/10.95 (5), 65--80. http://doi.org/[]10.2469/faj.v60.n5.2657[] 
 []

[30]
Underfull \hbox (badness 1231) in paragraph at lines 1344--1349
[]\T1/lmr/m/n/10.95 Koh, F., Koh, W. T. H., & Teo, M. (2003). Asian Hedge Funds: Re-turn
 []


Underfull \hbox (badness 3557) in paragraph at lines 1344--1349
\T1/lmr/m/n/10.95 Per-sis-tence, Style, and Fund Char-ac-ter-is-tics. \T1/lmr/m/it/10.95 SS-RN Elec-tron-ic Jour-nal\T1/lmr/m/n/10.95 .
 []

[31]
Overfull \hbox (33.5488pt too wide) in paragraph at lines 1366--1372
\T1/lmr/m/it/10.95 tion-al Re-view of Fi-nan-cial Anal-y-sis\T1/lmr/m/n/10.95 , \T1/lmr/m/it/10.95 43\T1/lmr/m/n/10.95 , 48--61. http://doi.org/[]10.1016/j.irfa.2015.11.001[] 
 []

[32] [33] (./Thesis.aux)

LaTeX Warning: There were multiply-defined labels.

Package rerunfilecheck Info: File `Thesis.out' has not changed.
(rerunfilecheck)             Checksum: 5F55AFE7EA6CC1A546E07BF3E66CA997;3274.
 ) 
Here is how much of TeX's memory you used:
 13965 strings out of 480236
 229997 string characters out of 5893969
 531142 words of memory out of 5000000
 31508 multiletter control sequences out of 15000+600000
 529750 words of font info for 69 fonts, out of 8000000 for 9000
 14 hyphenation exceptions out of 8191
 60i,10n,63p,420b,481s stack positions out of 5000i,500n,10000p,200000b,80000s
{c:/Users/Bassie/AppData/Roaming/TinyTeX/texmf-dist/fonts/enc/dvips/lm/lm-mathsy.enc}{c:/Users/Bassie/AppData/Roaming/TinyTeX/texmf-dist/fonts/enc/dvips/lm/lm-ec.enc}{c:/Users/Bassie/AppData/Roaming/TinyTeX/texmf-dist/fonts/enc/dvips/lm/lm-rm.enc}{c:/Users/Bassie/AppData/Roaming/TinyTeX/texmf-dist/fonts/enc/dvips/lm/lm-mathit.enc}{c:/Users/Bassie/AppData/Roaming/TinyTeX/texmf-dist/fonts/enc/dvips/lm/lm-ts1.enc}<c:/Users/Bassie/AppData/Roaming/TinyTeX/texmf-dist/fonts/type1/public/lm/lmbx10.pfb><c:/Users/Bassie/AppData/Roaming/TinyTeX/texmf-dist/fonts/type1/public/lm/lmbx12.pfb><c:/Users/Bassie/AppData/Roaming/TinyTeX/texmf-dist/fonts/type1/public/lm/lmmi10.pfb><c:/Users/Bassie/AppData/Roaming/TinyTeX/texmf-dist/fonts/type1/public/lm/lmr10.pfb><c:/Users/Bassie/AppData/Roaming/TinyTeX/texmf-dist/fonts/type1/public/lm/lmr6.pfb><c:/Users/Bassie/AppData/Roaming/TinyTeX/texmf-dist/fonts/type1/public/lm/lmr8.pfb><c:/Users/Bassie/AppData/Roaming/TinyTeX/texmf-dist/fonts/type1/public/lm/lmr9.pfb><c:/Users/Bassie/AppData/Roaming/TinyTeX/texmf-dist/fonts/type1/public/lm/lmri10.pfb><c:/Users/Bassie/AppData/Roaming/TinyTeX/texmf-dist/fonts/type1/public/lm/lmss10.pfb><c:/Users/Bassie/AppData/Roaming/TinyTeX/texmf-dist/fonts/type1/public/lm/lmss12.pfb><c:/Users/Bassie/AppData/Roaming/TinyTeX/texmf-dist/fonts/type1/public/lm/lmsy10.pfb><c:/Users/Bassie/AppData/Roaming/TinyTeX/texmf-dist/fonts/type1/public/lm/lmsy8.pfb>
Output written on Thesis.pdf (36 pages, 511874 bytes).
PDF statistics:
 656 PDF objects out of 1000 (max. 8388607)
 560 compressed objects within 6 object streams
 156 named destinations out of 1000 (max. 500000)
 240 words of extra memory for PDF output out of 10000 (max. 10000000)
>>>>>>> f505878829ed01da5ba7c79ec11a6de94c385aa9

